<?xml version="1.0" encoding="UTF-8"?>
<testng-results skipped="0" failed="0" ignored="0" total="1" passed="1">
  <reporter-output>
  </reporter-output>
  <suite name="Default suite" duration-ms="6551" started-at="2019-07-05T11:11:19Z" finished-at="2019-07-05T11:11:25Z">
    <groups>
    </groups>
    <test name="Default test" duration-ms="6551" started-at="2019-07-05T11:11:19Z" finished-at="2019-07-05T11:11:25Z">
      <class name="com.edusol.Testng.FirstTest">
        <test-method status="PASS" signature="init()[pri:0, instance:com.edusol.Testng.FirstTest@548a9f61]" name="init" is-config="true" duration-ms="22488" started-at="2019-07-05T11:10:56Z" finished-at="2019-07-05T11:11:19Z">
          <reporter-output>
          </reporter-output>
        </test-method> <!-- init -->
        <test-method status="PASS" signature="startTest()[pri:0, instance:com.edusol.Testng.FirstTest@548a9f61]" name="startTest" duration-ms="6231" started-at="2019-07-05T11:11:19Z" finished-at="2019-07-05T11:11:25Z">
          <reporter-output>
          </reporter-output>
        </test-method> <!-- startTest -->
        <test-method status="PASS" signature="quit()[pri:0, instance:com.edusol.Testng.FirstTest@548a9f61]" name="quit" is-config="true" duration-ms="2135" started-at="2019-07-05T11:11:25Z" finished-at="2019-07-05T11:11:27Z">
          <reporter-output>
          </reporter-output>
        </test-method> <!-- quit -->
      </class> <!-- com.edusol.Testng.FirstTest -->
    </test> <!-- Default test -->
  </suite> <!-- Default suite -->
</testng-results>
